2024-12-13 21:03:08 [INFO] Startup event: Starting scheduler.
2024-12-13 21:03:08 [INFO] 调度器已启动。
2024-12-13 21:03:08 [INFO] Scheduler started.
2024-12-13 21:05:08 [INFO] 开始录制音频流: https://lhttp.qingting.fm/live/339/64k.mp3
2024-12-13 21:06:01 [INFO] 录制已保存为 WAV: 2024-12-13_21-05-08_1.wav
2024-12-13 21:06:01 [INFO] 录制完成。文件前缀: 2024-12-13_21-05-08
2024-12-13 21:06:01 [INFO] 发送音频文件到 HTTP API: 2024-12-13_21-05-08_1.wav
2024-12-13 21:06:08 [INFO] 转录结果已保存到: transcriptions\2024-12-13_21-05-08_1.txt
2024-12-13 21:06:08 [INFO] HTTP 转录成功，结果已保存到: transcriptions\2024-12-13_21-05-08_1.txt
2024-12-13 21:06:08 [INFO] HTTP 模式转录已完成: 2024-12-13_21-05-08_1.wav
2024-12-13 21:06:08 [INFO] 发送音频文件到 HTTP API: 2024-12-13_21-05-08_1.wav
2024-12-13 21:06:15 [INFO] 转录结果已保存到: transcriptions\2024-12-13_21-05-08_1.txt
2024-12-13 21:06:15 [INFO] HTTP 转录成功，结果已保存到: transcriptions\2024-12-13_21-05-08_1.txt
2024-12-13 21:06:15 [INFO] HTTP 模式转录已完成: 2024-12-13_21-05-08_1.wav
2024-12-13 21:07:08 [INFO] 开始录制音频流: https://lhttp.qingting.fm/live/339/64k.mp3
2024-12-13 21:08:01 [INFO] 录制已保存为 WAV: 2024-12-13_21-07-08_1.wav
2024-12-13 21:08:01 [INFO] 录制完成。文件前缀: 2024-12-13_21-07-08
2024-12-13 21:08:01 [INFO] 发送音频文件到 HTTP API: 2024-12-13_21-07-08_1.wav
2024-12-13 21:08:08 [INFO] 转录结果已保存到: transcriptions\2024-12-13_21-07-08_1.txt
2024-12-13 21:08:08 [INFO] HTTP 转录成功，结果已保存到: transcriptions\2024-12-13_21-07-08_1.txt
2024-12-13 21:08:08 [INFO] HTTP 模式转录已完成: 2024-12-13_21-07-08_1.wav
2024-12-13 21:08:08 [INFO] 发送音频文件到 HTTP API: 2024-12-13_21-07-08_1.wav
2024-12-13 21:08:15 [INFO] 转录结果已保存到: transcriptions\2024-12-13_21-07-08_1.txt
2024-12-13 21:08:15 [INFO] HTTP 转录成功，结果已保存到: transcriptions\2024-12-13_21-07-08_1.txt
2024-12-13 21:08:15 [INFO] HTTP 模式转录已完成: 2024-12-13_21-07-08_1.wav
2024-12-13 21:09:08 [INFO] 开始录制音频流: https://lhttp.qingting.fm/live/339/64k.mp3
2024-12-13 21:10:01 [INFO] 录制已保存为 WAV: 2024-12-13_21-09-08_1.wav
2024-12-13 21:10:01 [INFO] 录制完成。文件前缀: 2024-12-13_21-09-08
2024-12-13 21:10:01 [INFO] 发送音频文件到 HTTP API: 2024-12-13_21-09-08_1.wav
2024-12-13 21:10:08 [INFO] 转录结果已保存到: transcriptions\2024-12-13_21-09-08_1.txt
2024-12-13 21:10:08 [INFO] HTTP 转录成功，结果已保存到: transcriptions\2024-12-13_21-09-08_1.txt
2024-12-13 21:10:08 [INFO] HTTP 模式转录已完成: 2024-12-13_21-09-08_1.wav
2024-12-13 21:10:08 [INFO] 发送音频文件到 HTTP API: 2024-12-13_21-09-08_1.wav
2024-12-13 21:10:15 [INFO] 转录结果已保存到: transcriptions\2024-12-13_21-09-08_1.txt
2024-12-13 21:10:15 [INFO] HTTP 转录成功，结果已保存到: transcriptions\2024-12-13_21-09-08_1.txt
2024-12-13 21:10:15 [INFO] HTTP 模式转录已完成: 2024-12-13_21-09-08_1.wav
2024-12-13 21:11:08 [INFO] 开始录制音频流: https://lhttp.qingting.fm/live/339/64k.mp3
2024-12-13 21:11:36 [INFO] Shutdown event: Stopping scheduler.
2024-12-14 20:18:00 [INFO] Startup event: Starting scheduler.
2024-12-14 20:18:00 [INFO] 调度器已启动。
2024-12-14 20:18:00 [INFO] Scheduler started.
2024-12-14 20:20:00 [INFO] 开始录制音频流: https://lhttp.qingting.fm/live/339/64k.mp3
2024-12-14 20:20:53 [INFO] 录制已保存为 WAV: 2024-12-14_20-20-00_1.wav
2024-12-14 20:20:53 [INFO] 录制完成。文件前缀: 2024-12-14_20-20-00
2024-12-14 20:20:53 [INFO] 发送音频文件到 HTTP API: 2024-12-14_20-20-00_1.wav
2024-12-14 20:21:01 [INFO] 转录结果已保存到: transcriptions\2024-12-14_20-20-00_1.txt
2024-12-14 20:21:01 [INFO] HTTP 转录成功，结果已保存到: transcriptions\2024-12-14_20-20-00_1.txt
2024-12-14 20:21:01 [INFO] HTTP 模式转录已完成: 2024-12-14_20-20-00_1.wav
2024-12-14 20:21:01 [INFO] 发送音频文件到 HTTP API: 2024-12-14_20-20-00_1.wav
2024-12-14 20:21:09 [INFO] 转录结果已保存到: transcriptions\2024-12-14_20-20-00_1.txt
2024-12-14 20:21:09 [INFO] HTTP 转录成功，结果已保存到: transcriptions\2024-12-14_20-20-00_1.txt
2024-12-14 20:21:09 [INFO] HTTP 模式转录已完成: 2024-12-14_20-20-00_1.wav
2024-12-14 20:22:00 [INFO] 开始录制音频流: https://lhttp.qingting.fm/live/339/64k.mp3
2024-12-14 20:22:52 [INFO] 录制已保存为 WAV: 2024-12-14_20-22-00_1.wav
2024-12-14 20:22:52 [INFO] 录制完成。文件前缀: 2024-12-14_20-22-00
2024-12-14 20:22:52 [INFO] 发送音频文件到 HTTP API: 2024-12-14_20-22-00_1.wav
2024-12-14 20:23:00 [INFO] 转录结果已保存到: transcriptions\2024-12-14_20-22-00_1.txt
2024-12-14 20:23:00 [INFO] HTTP 转录成功，结果已保存到: transcriptions\2024-12-14_20-22-00_1.txt
2024-12-14 20:23:00 [INFO] HTTP 模式转录已完成: 2024-12-14_20-22-00_1.wav
2024-12-14 20:23:00 [INFO] 发送音频文件到 HTTP API: 2024-12-14_20-22-00_1.wav
2024-12-14 20:23:08 [INFO] 转录结果已保存到: transcriptions\2024-12-14_20-22-00_1.txt
2024-12-14 20:23:08 [INFO] HTTP 转录成功，结果已保存到: transcriptions\2024-12-14_20-22-00_1.txt
2024-12-14 20:23:08 [INFO] HTTP 模式转录已完成: 2024-12-14_20-22-00_1.wav
2024-12-14 20:24:00 [INFO] 开始录制音频流: https://lhttp.qingting.fm/live/339/64k.mp3
2024-12-14 20:24:53 [INFO] 录制已保存为 WAV: 2024-12-14_20-24-00_1.wav
2024-12-14 20:24:53 [INFO] 录制完成。文件前缀: 2024-12-14_20-24-00
2024-12-14 20:24:53 [INFO] 发送音频文件到 HTTP API: 2024-12-14_20-24-00_1.wav
2024-12-14 20:25:01 [INFO] 转录结果已保存到: transcriptions\2024-12-14_20-24-00_1.txt
2024-12-14 20:25:01 [INFO] HTTP 转录成功，结果已保存到: transcriptions\2024-12-14_20-24-00_1.txt
2024-12-14 20:25:01 [INFO] HTTP 模式转录已完成: 2024-12-14_20-24-00_1.wav
2024-12-14 20:25:01 [INFO] 发送音频文件到 HTTP API: 2024-12-14_20-24-00_1.wav
2024-12-14 20:25:09 [INFO] 转录结果已保存到: transcriptions\2024-12-14_20-24-00_1.txt
2024-12-14 20:25:09 [INFO] HTTP 转录成功，结果已保存到: transcriptions\2024-12-14_20-24-00_1.txt
2024-12-14 20:25:09 [INFO] HTTP 模式转录已完成: 2024-12-14_20-24-00_1.wav
2024-12-14 20:26:00 [INFO] 开始录制音频流: https://lhttp.qingting.fm/live/339/64k.mp3
2024-12-14 20:26:53 [INFO] 录制已保存为 WAV: 2024-12-14_20-26-00_1.wav
2024-12-14 20:26:53 [INFO] 录制完成。文件前缀: 2024-12-14_20-26-00
2024-12-14 20:26:53 [INFO] 发送音频文件到 HTTP API: 2024-12-14_20-26-00_1.wav
2024-12-14 20:27:01 [INFO] 转录结果已保存到: transcriptions\2024-12-14_20-26-00_1.txt
2024-12-14 20:27:01 [INFO] HTTP 转录成功，结果已保存到: transcriptions\2024-12-14_20-26-00_1.txt
2024-12-14 20:27:01 [INFO] HTTP 模式转录已完成: 2024-12-14_20-26-00_1.wav
2024-12-14 20:27:01 [INFO] 发送音频文件到 HTTP API: 2024-12-14_20-26-00_1.wav
2024-12-14 20:27:09 [INFO] 转录结果已保存到: transcriptions\2024-12-14_20-26-00_1.txt
2024-12-14 20:27:09 [INFO] HTTP 转录成功，结果已保存到: transcriptions\2024-12-14_20-26-00_1.txt
2024-12-14 20:27:09 [INFO] HTTP 模式转录已完成: 2024-12-14_20-26-00_1.wav
2024-12-14 20:28:00 [INFO] 开始录制音频流: https://lhttp.qingting.fm/live/339/64k.mp3
2024-12-14 20:28:52 [INFO] 录制已保存为 WAV: 2024-12-14_20-28-00_1.wav
2024-12-14 20:28:52 [INFO] 录制完成。文件前缀: 2024-12-14_20-28-00
2024-12-14 20:28:52 [INFO] 发送音频文件到 HTTP API: 2024-12-14_20-28-00_1.wav
2024-12-14 20:29:01 [INFO] 转录结果已保存到: transcriptions\2024-12-14_20-28-00_1.txt
2024-12-14 20:29:01 [INFO] HTTP 转录成功，结果已保存到: transcriptions\2024-12-14_20-28-00_1.txt
2024-12-14 20:29:01 [INFO] HTTP 模式转录已完成: 2024-12-14_20-28-00_1.wav
2024-12-14 20:29:01 [INFO] 发送音频文件到 HTTP API: 2024-12-14_20-28-00_1.wav
2024-12-14 20:29:08 [INFO] 转录结果已保存到: transcriptions\2024-12-14_20-28-00_1.txt
2024-12-14 20:29:08 [INFO] HTTP 转录成功，结果已保存到: transcriptions\2024-12-14_20-28-00_1.txt
2024-12-14 20:29:08 [INFO] HTTP 模式转录已完成: 2024-12-14_20-28-00_1.wav
2024-12-14 20:30:00 [INFO] 开始录制音频流: https://lhttp.qingting.fm/live/339/64k.mp3
2024-12-14 20:30:53 [INFO] 录制已保存为 WAV: 2024-12-14_20-30-00_1.wav
2024-12-14 20:30:53 [INFO] 录制完成。文件前缀: 2024-12-14_20-30-00
2024-12-14 20:30:53 [INFO] 发送音频文件到 HTTP API: 2024-12-14_20-30-00_1.wav
2024-12-14 20:31:01 [INFO] 转录结果已保存到: transcriptions\2024-12-14_20-30-00_1.txt
2024-12-14 20:31:01 [INFO] HTTP 转录成功，结果已保存到: transcriptions\2024-12-14_20-30-00_1.txt
2024-12-14 20:31:01 [INFO] HTTP 模式转录已完成: 2024-12-14_20-30-00_1.wav
2024-12-14 20:31:01 [INFO] 发送音频文件到 HTTP API: 2024-12-14_20-30-00_1.wav
2024-12-14 20:31:08 [INFO] 转录结果已保存到: transcriptions\2024-12-14_20-30-00_1.txt
2024-12-14 20:31:08 [INFO] HTTP 转录成功，结果已保存到: transcriptions\2024-12-14_20-30-00_1.txt
2024-12-14 20:31:08 [INFO] HTTP 模式转录已完成: 2024-12-14_20-30-00_1.wav
2024-12-14 20:32:00 [INFO] 开始录制音频流: https://lhttp.qingting.fm/live/339/64k.mp3
2024-12-14 20:32:53 [INFO] 录制已保存为 WAV: 2024-12-14_20-32-00_1.wav
2024-12-14 20:32:53 [INFO] 录制完成。文件前缀: 2024-12-14_20-32-00
2024-12-14 20:32:53 [INFO] 发送音频文件到 HTTP API: 2024-12-14_20-32-00_1.wav
2024-12-14 20:33:01 [INFO] 转录结果已保存到: transcriptions\2024-12-14_20-32-00_1.txt
2024-12-14 20:33:01 [INFO] HTTP 转录成功，结果已保存到: transcriptions\2024-12-14_20-32-00_1.txt
2024-12-14 20:33:01 [INFO] HTTP 模式转录已完成: 2024-12-14_20-32-00_1.wav
2024-12-14 20:33:01 [INFO] 发送音频文件到 HTTP API: 2024-12-14_20-32-00_1.wav
2024-12-14 20:33:09 [INFO] 转录结果已保存到: transcriptions\2024-12-14_20-32-00_1.txt
2024-12-14 20:33:09 [INFO] HTTP 转录成功，结果已保存到: transcriptions\2024-12-14_20-32-00_1.txt
2024-12-14 20:33:09 [INFO] HTTP 模式转录已完成: 2024-12-14_20-32-00_1.wav
2024-12-14 20:34:00 [INFO] 开始录制音频流: https://lhttp.qingting.fm/live/339/64k.mp3
2024-12-14 20:34:52 [INFO] 录制已保存为 WAV: 2024-12-14_20-34-00_1.wav
2024-12-14 20:34:52 [INFO] 录制完成。文件前缀: 2024-12-14_20-34-00
2024-12-14 20:34:52 [INFO] 发送音频文件到 HTTP API: 2024-12-14_20-34-00_1.wav
2024-12-14 20:35:00 [INFO] 转录结果已保存到: transcriptions\2024-12-14_20-34-00_1.txt
2024-12-14 20:35:00 [INFO] HTTP 转录成功，结果已保存到: transcriptions\2024-12-14_20-34-00_1.txt
2024-12-14 20:35:00 [INFO] HTTP 模式转录已完成: 2024-12-14_20-34-00_1.wav
2024-12-14 20:35:00 [INFO] 发送音频文件到 HTTP API: 2024-12-14_20-34-00_1.wav
2024-12-14 20:35:08 [INFO] 转录结果已保存到: transcriptions\2024-12-14_20-34-00_1.txt
2024-12-14 20:35:08 [INFO] HTTP 转录成功，结果已保存到: transcriptions\2024-12-14_20-34-00_1.txt
2024-12-14 20:35:08 [INFO] HTTP 模式转录已完成: 2024-12-14_20-34-00_1.wav
2024-12-14 20:36:00 [INFO] 开始录制音频流: https://lhttp.qingting.fm/live/339/64k.mp3
2024-12-14 20:36:53 [INFO] 录制已保存为 WAV: 2024-12-14_20-36-00_1.wav
2024-12-14 20:36:53 [INFO] 录制完成。文件前缀: 2024-12-14_20-36-00
2024-12-14 20:36:53 [INFO] 发送音频文件到 HTTP API: 2024-12-14_20-36-00_1.wav
2024-12-14 20:37:01 [INFO] 转录结果已保存到: transcriptions\2024-12-14_20-36-00_1.txt
2024-12-14 20:37:01 [INFO] HTTP 转录成功，结果已保存到: transcriptions\2024-12-14_20-36-00_1.txt
2024-12-14 20:37:01 [INFO] HTTP 模式转录已完成: 2024-12-14_20-36-00_1.wav
2024-12-14 20:37:01 [INFO] 发送音频文件到 HTTP API: 2024-12-14_20-36-00_1.wav
2024-12-14 20:37:08 [INFO] 转录结果已保存到: transcriptions\2024-12-14_20-36-00_1.txt
2024-12-14 20:37:08 [INFO] HTTP 转录成功，结果已保存到: transcriptions\2024-12-14_20-36-00_1.txt
2024-12-14 20:37:08 [INFO] HTTP 模式转录已完成: 2024-12-14_20-36-00_1.wav
2024-12-14 20:38:00 [INFO] 开始录制音频流: https://lhttp.qingting.fm/live/339/64k.mp3
2024-12-14 20:38:53 [INFO] 录制已保存为 WAV: 2024-12-14_20-38-00_1.wav
2024-12-14 20:38:53 [INFO] 录制完成。文件前缀: 2024-12-14_20-38-00
2024-12-14 20:38:53 [INFO] 发送音频文件到 HTTP API: 2024-12-14_20-38-00_1.wav
2024-12-14 20:39:01 [INFO] 转录结果已保存到: transcriptions\2024-12-14_20-38-00_1.txt
2024-12-14 20:39:01 [INFO] HTTP 转录成功，结果已保存到: transcriptions\2024-12-14_20-38-00_1.txt
2024-12-14 20:39:01 [INFO] HTTP 模式转录已完成: 2024-12-14_20-38-00_1.wav
2024-12-14 20:39:01 [INFO] 发送音频文件到 HTTP API: 2024-12-14_20-38-00_1.wav
2024-12-14 20:39:08 [INFO] 转录结果已保存到: transcriptions\2024-12-14_20-38-00_1.txt
2024-12-14 20:39:08 [INFO] HTTP 转录成功，结果已保存到: transcriptions\2024-12-14_20-38-00_1.txt
2024-12-14 20:39:08 [INFO] HTTP 模式转录已完成: 2024-12-14_20-38-00_1.wav
2024-12-14 20:40:00 [INFO] 开始录制音频流: https://lhttp.qingting.fm/live/339/64k.mp3
2024-12-14 20:40:53 [INFO] 录制已保存为 WAV: 2024-12-14_20-40-00_1.wav
2024-12-14 20:40:53 [INFO] 录制完成。文件前缀: 2024-12-14_20-40-00
2024-12-14 20:40:53 [INFO] 发送音频文件到 HTTP API: 2024-12-14_20-40-00_1.wav
2024-12-14 20:41:01 [INFO] 转录结果已保存到: transcriptions\2024-12-14_20-40-00_1.txt
2024-12-14 20:41:01 [INFO] HTTP 转录成功，结果已保存到: transcriptions\2024-12-14_20-40-00_1.txt
2024-12-14 20:41:01 [INFO] HTTP 模式转录已完成: 2024-12-14_20-40-00_1.wav
2024-12-14 20:41:01 [INFO] 发送音频文件到 HTTP API: 2024-12-14_20-40-00_1.wav
2024-12-14 20:41:08 [INFO] 转录结果已保存到: transcriptions\2024-12-14_20-40-00_1.txt
2024-12-14 20:41:08 [INFO] HTTP 转录成功，结果已保存到: transcriptions\2024-12-14_20-40-00_1.txt
2024-12-14 20:41:08 [INFO] HTTP 模式转录已完成: 2024-12-14_20-40-00_1.wav
2024-12-14 20:42:00 [INFO] 开始录制音频流: https://lhttp.qingting.fm/live/339/64k.mp3
2024-12-14 20:42:52 [INFO] 录制已保存为 WAV: 2024-12-14_20-42-00_1.wav
2024-12-14 20:42:52 [INFO] 录制完成。文件前缀: 2024-12-14_20-42-00
2024-12-14 20:42:52 [INFO] 发送音频文件到 HTTP API: 2024-12-14_20-42-00_1.wav
2024-12-14 20:43:00 [INFO] 转录结果已保存到: transcriptions\2024-12-14_20-42-00_1.txt
2024-12-14 20:43:00 [INFO] HTTP 转录成功，结果已保存到: transcriptions\2024-12-14_20-42-00_1.txt
2024-12-14 20:43:00 [INFO] HTTP 模式转录已完成: 2024-12-14_20-42-00_1.wav
2024-12-14 20:43:00 [INFO] 发送音频文件到 HTTP API: 2024-12-14_20-42-00_1.wav
2024-12-14 20:43:08 [INFO] 转录结果已保存到: transcriptions\2024-12-14_20-42-00_1.txt
2024-12-14 20:43:08 [INFO] HTTP 转录成功，结果已保存到: transcriptions\2024-12-14_20-42-00_1.txt
2024-12-14 20:43:08 [INFO] HTTP 模式转录已完成: 2024-12-14_20-42-00_1.wav
2024-12-14 20:44:00 [INFO] 开始录制音频流: https://lhttp.qingting.fm/live/339/64k.mp3
2024-12-14 20:44:52 [INFO] 录制已保存为 WAV: 2024-12-14_20-44-00_1.wav
2024-12-14 20:44:52 [INFO] 录制完成。文件前缀: 2024-12-14_20-44-00
2024-12-14 20:44:52 [INFO] 发送音频文件到 HTTP API: 2024-12-14_20-44-00_1.wav
2024-12-14 20:45:00 [INFO] 转录结果已保存到: transcriptions\2024-12-14_20-44-00_1.txt
2024-12-14 20:45:00 [INFO] HTTP 转录成功，结果已保存到: transcriptions\2024-12-14_20-44-00_1.txt
2024-12-14 20:45:00 [INFO] HTTP 模式转录已完成: 2024-12-14_20-44-00_1.wav
2024-12-14 20:45:00 [INFO] 发送音频文件到 HTTP API: 2024-12-14_20-44-00_1.wav
2024-12-14 20:45:08 [INFO] 转录结果已保存到: transcriptions\2024-12-14_20-44-00_1.txt
2024-12-14 20:45:08 [INFO] HTTP 转录成功，结果已保存到: transcriptions\2024-12-14_20-44-00_1.txt
2024-12-14 20:45:08 [INFO] HTTP 模式转录已完成: 2024-12-14_20-44-00_1.wav
2024-12-14 20:46:00 [INFO] 开始录制音频流: https://lhttp.qingting.fm/live/339/64k.mp3
2024-12-14 20:46:53 [INFO] 录制已保存为 WAV: 2024-12-14_20-46-00_1.wav
2024-12-14 20:46:53 [INFO] 录制完成。文件前缀: 2024-12-14_20-46-00
2024-12-14 20:46:53 [INFO] 发送音频文件到 HTTP API: 2024-12-14_20-46-00_1.wav
2024-12-14 20:47:00 [INFO] 转录结果已保存到: transcriptions\2024-12-14_20-46-00_1.txt
2024-12-14 20:47:00 [INFO] HTTP 转录成功，结果已保存到: transcriptions\2024-12-14_20-46-00_1.txt
2024-12-14 20:47:00 [INFO] HTTP 模式转录已完成: 2024-12-14_20-46-00_1.wav
2024-12-14 20:47:00 [INFO] 发送音频文件到 HTTP API: 2024-12-14_20-46-00_1.wav
2024-12-14 20:47:08 [INFO] 转录结果已保存到: transcriptions\2024-12-14_20-46-00_1.txt
2024-12-14 20:47:08 [INFO] HTTP 转录成功，结果已保存到: transcriptions\2024-12-14_20-46-00_1.txt
2024-12-14 20:47:08 [INFO] HTTP 模式转录已完成: 2024-12-14_20-46-00_1.wav
2024-12-14 20:48:00 [INFO] 开始录制音频流: https://lhttp.qingting.fm/live/339/64k.mp3
2024-12-14 20:48:53 [INFO] 录制已保存为 WAV: 2024-12-14_20-48-00_1.wav
2024-12-14 20:48:53 [INFO] 录制完成。文件前缀: 2024-12-14_20-48-00
2024-12-14 20:48:53 [INFO] 发送音频文件到 HTTP API: 2024-12-14_20-48-00_1.wav
2024-12-14 20:49:00 [INFO] 转录结果已保存到: transcriptions\2024-12-14_20-48-00_1.txt
2024-12-14 20:49:00 [INFO] HTTP 转录成功，结果已保存到: transcriptions\2024-12-14_20-48-00_1.txt
2024-12-14 20:49:00 [INFO] HTTP 模式转录已完成: 2024-12-14_20-48-00_1.wav
2024-12-14 20:49:00 [INFO] 发送音频文件到 HTTP API: 2024-12-14_20-48-00_1.wav
2024-12-14 20:49:08 [INFO] 转录结果已保存到: transcriptions\2024-12-14_20-48-00_1.txt
2024-12-14 20:49:08 [INFO] HTTP 转录成功，结果已保存到: transcriptions\2024-12-14_20-48-00_1.txt
2024-12-14 20:49:08 [INFO] HTTP 模式转录已完成: 2024-12-14_20-48-00_1.wav
2024-12-14 20:50:00 [INFO] 开始录制音频流: https://lhttp.qingting.fm/live/339/64k.mp3
2024-12-14 20:50:52 [INFO] 录制已保存为 WAV: 2024-12-14_20-50-00_1.wav
2024-12-14 20:50:52 [INFO] 录制完成。文件前缀: 2024-12-14_20-50-00
2024-12-14 20:50:52 [INFO] 发送音频文件到 HTTP API: 2024-12-14_20-50-00_1.wav
2024-12-14 20:51:00 [INFO] 转录结果已保存到: transcriptions\2024-12-14_20-50-00_1.txt
2024-12-14 20:51:00 [INFO] HTTP 转录成功，结果已保存到: transcriptions\2024-12-14_20-50-00_1.txt
2024-12-14 20:51:00 [INFO] HTTP 模式转录已完成: 2024-12-14_20-50-00_1.wav
2024-12-14 20:51:00 [INFO] 发送音频文件到 HTTP API: 2024-12-14_20-50-00_1.wav
2024-12-14 20:51:08 [INFO] 转录结果已保存到: transcriptions\2024-12-14_20-50-00_1.txt
2024-12-14 20:51:08 [INFO] HTTP 转录成功，结果已保存到: transcriptions\2024-12-14_20-50-00_1.txt
2024-12-14 20:51:08 [INFO] HTTP 模式转录已完成: 2024-12-14_20-50-00_1.wav
2024-12-14 20:52:00 [INFO] 开始录制音频流: https://lhttp.qingting.fm/live/339/64k.mp3
2024-12-14 20:52:52 [INFO] 录制已保存为 WAV: 2024-12-14_20-52-00_1.wav
2024-12-14 20:52:52 [INFO] 录制完成。文件前缀: 2024-12-14_20-52-00
2024-12-14 20:52:52 [INFO] 发送音频文件到 HTTP API: 2024-12-14_20-52-00_1.wav
2024-12-14 20:53:00 [INFO] 转录结果已保存到: transcriptions\2024-12-14_20-52-00_1.txt
2024-12-14 20:53:00 [INFO] HTTP 转录成功，结果已保存到: transcriptions\2024-12-14_20-52-00_1.txt
2024-12-14 20:53:00 [INFO] HTTP 模式转录已完成: 2024-12-14_20-52-00_1.wav
2024-12-14 20:53:00 [INFO] 发送音频文件到 HTTP API: 2024-12-14_20-52-00_1.wav
2024-12-14 20:53:08 [INFO] 转录结果已保存到: transcriptions\2024-12-14_20-52-00_1.txt
2024-12-14 20:53:08 [INFO] HTTP 转录成功，结果已保存到: transcriptions\2024-12-14_20-52-00_1.txt
2024-12-14 20:53:08 [INFO] HTTP 模式转录已完成: 2024-12-14_20-52-00_1.wav
2024-12-14 20:54:00 [INFO] 开始录制音频流: https://lhttp.qingting.fm/live/339/64k.mp3
2024-12-14 20:54:53 [INFO] 录制已保存为 WAV: 2024-12-14_20-54-00_1.wav
2024-12-14 20:54:53 [INFO] 录制完成。文件前缀: 2024-12-14_20-54-00
2024-12-14 20:54:53 [INFO] 发送音频文件到 HTTP API: 2024-12-14_20-54-00_1.wav
2024-12-14 20:55:01 [INFO] 转录结果已保存到: transcriptions\2024-12-14_20-54-00_1.txt
2024-12-14 20:55:01 [INFO] HTTP 转录成功，结果已保存到: transcriptions\2024-12-14_20-54-00_1.txt
2024-12-14 20:55:01 [INFO] HTTP 模式转录已完成: 2024-12-14_20-54-00_1.wav
2024-12-14 20:55:01 [INFO] 发送音频文件到 HTTP API: 2024-12-14_20-54-00_1.wav
2024-12-14 20:55:08 [INFO] 转录结果已保存到: transcriptions\2024-12-14_20-54-00_1.txt
2024-12-14 20:55:08 [INFO] HTTP 转录成功，结果已保存到: transcriptions\2024-12-14_20-54-00_1.txt
2024-12-14 20:55:08 [INFO] HTTP 模式转录已完成: 2024-12-14_20-54-00_1.wav
2024-12-14 20:56:00 [INFO] 开始录制音频流: https://lhttp.qingting.fm/live/339/64k.mp3
2024-12-14 20:56:52 [INFO] 录制已保存为 WAV: 2024-12-14_20-56-00_1.wav
2024-12-14 20:56:52 [INFO] 录制完成。文件前缀: 2024-12-14_20-56-00
2024-12-14 20:56:52 [INFO] 发送音频文件到 HTTP API: 2024-12-14_20-56-00_1.wav
2024-12-14 20:57:00 [INFO] 转录结果已保存到: transcriptions\2024-12-14_20-56-00_1.txt
2024-12-14 20:57:00 [INFO] HTTP 转录成功，结果已保存到: transcriptions\2024-12-14_20-56-00_1.txt
2024-12-14 20:57:00 [INFO] HTTP 模式转录已完成: 2024-12-14_20-56-00_1.wav
2024-12-14 20:57:00 [INFO] 发送音频文件到 HTTP API: 2024-12-14_20-56-00_1.wav
2024-12-14 20:57:08 [INFO] 转录结果已保存到: transcriptions\2024-12-14_20-56-00_1.txt
2024-12-14 20:57:08 [INFO] HTTP 转录成功，结果已保存到: transcriptions\2024-12-14_20-56-00_1.txt
2024-12-14 20:57:08 [INFO] HTTP 模式转录已完成: 2024-12-14_20-56-00_1.wav
2024-12-14 20:58:00 [INFO] 开始录制音频流: https://lhttp.qingting.fm/live/339/64k.mp3
2024-12-14 20:58:53 [INFO] 录制已保存为 WAV: 2024-12-14_20-58-00_1.wav
2024-12-14 20:58:53 [INFO] 录制完成。文件前缀: 2024-12-14_20-58-00
2024-12-14 20:58:53 [INFO] 发送音频文件到 HTTP API: 2024-12-14_20-58-00_1.wav
2024-12-14 20:59:00 [INFO] 转录结果已保存到: transcriptions\2024-12-14_20-58-00_1.txt
2024-12-14 20:59:00 [INFO] HTTP 转录成功，结果已保存到: transcriptions\2024-12-14_20-58-00_1.txt
2024-12-14 20:59:00 [INFO] HTTP 模式转录已完成: 2024-12-14_20-58-00_1.wav
2024-12-14 20:59:00 [INFO] 发送音频文件到 HTTP API: 2024-12-14_20-58-00_1.wav
2024-12-14 20:59:08 [INFO] 转录结果已保存到: transcriptions\2024-12-14_20-58-00_1.txt
2024-12-14 20:59:08 [INFO] HTTP 转录成功，结果已保存到: transcriptions\2024-12-14_20-58-00_1.txt
2024-12-14 20:59:08 [INFO] HTTP 模式转录已完成: 2024-12-14_20-58-00_1.wav
2024-12-14 21:00:00 [INFO] 开始录制音频流: https://lhttp.qingting.fm/live/339/64k.mp3
2024-12-14 21:00:53 [INFO] 录制已保存为 WAV: 2024-12-14_21-00-00_1.wav
2024-12-14 21:00:53 [INFO] 录制完成。文件前缀: 2024-12-14_21-00-00
2024-12-14 21:00:53 [INFO] 发送音频文件到 HTTP API: 2024-12-14_21-00-00_1.wav
2024-12-14 21:01:01 [INFO] 转录结果已保存到: transcriptions\2024-12-14_21-00-00_1.txt
2024-12-14 21:01:01 [INFO] HTTP 转录成功，结果已保存到: transcriptions\2024-12-14_21-00-00_1.txt
2024-12-14 21:01:01 [INFO] HTTP 模式转录已完成: 2024-12-14_21-00-00_1.wav
2024-12-14 21:01:01 [INFO] 发送音频文件到 HTTP API: 2024-12-14_21-00-00_1.wav
2024-12-14 21:01:09 [INFO] 转录结果已保存到: transcriptions\2024-12-14_21-00-00_1.txt
2024-12-14 21:01:09 [INFO] HTTP 转录成功，结果已保存到: transcriptions\2024-12-14_21-00-00_1.txt
2024-12-14 21:01:09 [INFO] HTTP 模式转录已完成: 2024-12-14_21-00-00_1.wav
2024-12-14 21:02:00 [INFO] 开始录制音频流: https://lhttp.qingting.fm/live/339/64k.mp3
2024-12-14 21:02:52 [INFO] 录制已保存为 WAV: 2024-12-14_21-02-00_1.wav
2024-12-14 21:02:52 [INFO] 录制完成。文件前缀: 2024-12-14_21-02-00
2024-12-14 21:02:52 [INFO] 发送音频文件到 HTTP API: 2024-12-14_21-02-00_1.wav
2024-12-14 21:03:00 [INFO] 转录结果已保存到: transcriptions\2024-12-14_21-02-00_1.txt
2024-12-14 21:03:00 [INFO] HTTP 转录成功，结果已保存到: transcriptions\2024-12-14_21-02-00_1.txt
2024-12-14 21:03:00 [INFO] HTTP 模式转录已完成: 2024-12-14_21-02-00_1.wav
2024-12-14 21:03:00 [INFO] 发送音频文件到 HTTP API: 2024-12-14_21-02-00_1.wav
2024-12-14 21:03:08 [INFO] 转录结果已保存到: transcriptions\2024-12-14_21-02-00_1.txt
2024-12-14 21:03:08 [INFO] HTTP 转录成功，结果已保存到: transcriptions\2024-12-14_21-02-00_1.txt
2024-12-14 21:03:08 [INFO] HTTP 模式转录已完成: 2024-12-14_21-02-00_1.wav
2024-12-14 21:04:00 [INFO] 开始录制音频流: https://lhttp.qingting.fm/live/339/64k.mp3
2024-12-14 21:04:52 [INFO] 录制已保存为 WAV: 2024-12-14_21-04-00_1.wav
2024-12-14 21:04:52 [INFO] 录制完成。文件前缀: 2024-12-14_21-04-00
2024-12-14 21:04:52 [INFO] 发送音频文件到 HTTP API: 2024-12-14_21-04-00_1.wav
2024-12-14 21:05:00 [INFO] 转录结果已保存到: transcriptions\2024-12-14_21-04-00_1.txt
2024-12-14 21:05:00 [INFO] HTTP 转录成功，结果已保存到: transcriptions\2024-12-14_21-04-00_1.txt
2024-12-14 21:05:00 [INFO] HTTP 模式转录已完成: 2024-12-14_21-04-00_1.wav
2024-12-14 21:05:00 [INFO] 发送音频文件到 HTTP API: 2024-12-14_21-04-00_1.wav
2024-12-14 21:05:08 [INFO] 转录结果已保存到: transcriptions\2024-12-14_21-04-00_1.txt
2024-12-14 21:05:08 [INFO] HTTP 转录成功，结果已保存到: transcriptions\2024-12-14_21-04-00_1.txt
2024-12-14 21:05:08 [INFO] HTTP 模式转录已完成: 2024-12-14_21-04-00_1.wav
2024-12-14 21:06:00 [INFO] 开始录制音频流: https://lhttp.qingting.fm/live/339/64k.mp3
2024-12-14 21:06:53 [INFO] 录制已保存为 WAV: 2024-12-14_21-06-00_1.wav
2024-12-14 21:06:53 [INFO] 录制完成。文件前缀: 2024-12-14_21-06-00
2024-12-14 21:06:53 [INFO] 发送音频文件到 HTTP API: 2024-12-14_21-06-00_1.wav
2024-12-14 21:07:00 [INFO] 转录结果已保存到: transcriptions\2024-12-14_21-06-00_1.txt
2024-12-14 21:07:00 [INFO] HTTP 转录成功，结果已保存到: transcriptions\2024-12-14_21-06-00_1.txt
2024-12-14 21:07:00 [INFO] HTTP 模式转录已完成: 2024-12-14_21-06-00_1.wav
2024-12-14 21:07:00 [INFO] 发送音频文件到 HTTP API: 2024-12-14_21-06-00_1.wav
2024-12-14 21:07:08 [INFO] 转录结果已保存到: transcriptions\2024-12-14_21-06-00_1.txt
2024-12-14 21:07:08 [INFO] HTTP 转录成功，结果已保存到: transcriptions\2024-12-14_21-06-00_1.txt
2024-12-14 21:07:08 [INFO] HTTP 模式转录已完成: 2024-12-14_21-06-00_1.wav
2024-12-14 21:08:00 [INFO] 开始录制音频流: https://lhttp.qingting.fm/live/339/64k.mp3
2024-12-14 21:22:59 [INFO] Startup event: Starting scheduler.
2024-12-14 21:22:59 [INFO] 调度器已启动。
2024-12-14 21:22:59 [INFO] Scheduler started.
2024-12-14 21:25:52 [INFO] 录制完成。文件路径: D:\PythonPro\BroadcastRecorder\recordings\2024-12-14_21-24-59_2024-12-14_21-24-59_1.wav
2024-12-14 21:26:00 [INFO] HTTP 模式转录已完成: D:\PythonPro\BroadcastRecorder\recordings\2024-12-14_21-24-59_2024-12-14_21-24-59_1.wav
2024-12-14 21:34:36 [INFO] Startup event: Starting scheduler.
2024-12-14 21:34:36 [INFO] 调度器已启动。
2024-12-14 21:34:36 [INFO] Scheduler started.
2024-12-14 21:37:29 [INFO] 录制完成。文件路径: D:\PythonPro\BroadcastRecorder\recordings\2024-12-14_21-36-36_1.wav
2024-12-14 21:37:36 [INFO] HTTP 模式转录已完成: D:\PythonPro\BroadcastRecorder\recordings\2024-12-14_21-36-36_1.wav
2024-12-14 21:39:25 [INFO] Shutdown event: Stopping scheduler.
2024-12-14 21:46:50 [INFO] Startup event: Starting scheduler.
2024-12-14 21:46:50 [INFO] 调度器已启动。
2024-12-14 21:46:50 [INFO] Scheduler started.
2024-12-14 21:47:33 [INFO] Shutdown event: Stopping scheduler.
2024-12-14 21:47:33 [INFO] 调度器已停止。
2024-12-14 21:47:33 [INFO] Scheduler stopped.
2024-12-15 12:35:54 [INFO] Starting scheduler...
2024-12-15 12:35:54 [INFO] 调度器已启动。
2024-12-15 12:38:47 [INFO] 录制完成。文件路径: D:\PythonPro\BroadcastRecorder\recordings\2024-12-15_12-37-54_1.wav
2024-12-15 12:38:54 [INFO] HTTP 模式转录已完成: D:\PythonPro\BroadcastRecorder\recordings\2024-12-15_12-37-54_1.wav
2024-12-15 12:40:47 [INFO] 录制完成。文件路径: D:\PythonPro\BroadcastRecorder\recordings\2024-12-15_12-39-54_1.wav
2024-12-15 12:40:54 [INFO] HTTP 模式转录已完成: D:\PythonPro\BroadcastRecorder\recordings\2024-12-15_12-39-54_1.wav
2024-12-15 12:42:47 [INFO] 录制完成。文件路径: D:\PythonPro\BroadcastRecorder\recordings\2024-12-15_12-41-54_1.wav
2024-12-15 12:42:54 [INFO] HTTP 模式转录已完成: D:\PythonPro\BroadcastRecorder\recordings\2024-12-15_12-41-54_1.wav
2024-12-15 12:44:47 [INFO] 录制完成。文件路径: D:\PythonPro\BroadcastRecorder\recordings\2024-12-15_12-43-54_1.wav
2024-12-15 12:44:54 [INFO] HTTP 模式转录已完成: D:\PythonPro\BroadcastRecorder\recordings\2024-12-15_12-43-54_1.wav
2024-12-15 12:46:47 [INFO] 录制完成。文件路径: D:\PythonPro\BroadcastRecorder\recordings\2024-12-15_12-45-54_1.wav
2024-12-15 12:46:54 [INFO] HTTP 模式转录已完成: D:\PythonPro\BroadcastRecorder\recordings\2024-12-15_12-45-54_1.wav
2024-12-15 12:48:48 [INFO] 录制完成。文件路径: D:\PythonPro\BroadcastRecorder\recordings\2024-12-15_12-47-54_1.wav
2024-12-15 12:48:55 [INFO] HTTP 模式转录已完成: D:\PythonPro\BroadcastRecorder\recordings\2024-12-15_12-47-54_1.wav
2024-12-15 12:50:47 [INFO] 录制完成。文件路径: D:\PythonPro\BroadcastRecorder\recordings\2024-12-15_12-49-54_1.wav
2024-12-15 12:50:54 [INFO] HTTP 模式转录已完成: D:\PythonPro\BroadcastRecorder\recordings\2024-12-15_12-49-54_1.wav
2024-12-15 12:52:47 [INFO] 录制完成。文件路径: D:\PythonPro\BroadcastRecorder\recordings\2024-12-15_12-51-54_1.wav
2024-12-15 12:52:55 [INFO] HTTP 模式转录已完成: D:\PythonPro\BroadcastRecorder\recordings\2024-12-15_12-51-54_1.wav
2024-12-15 12:54:47 [INFO] 录制完成。文件路径: D:\PythonPro\BroadcastRecorder\recordings\2024-12-15_12-53-54_1.wav
2024-12-15 12:54:54 [INFO] HTTP 模式转录已完成: D:\PythonPro\BroadcastRecorder\recordings\2024-12-15_12-53-54_1.wav
2024-12-15 12:56:47 [INFO] 录制完成。文件路径: D:\PythonPro\BroadcastRecorder\recordings\2024-12-15_12-55-54_1.wav
2024-12-15 12:56:54 [INFO] HTTP 模式转录已完成: D:\PythonPro\BroadcastRecorder\recordings\2024-12-15_12-55-54_1.wav
2024-12-15 18:31:02 [INFO] Starting scheduler...
2024-12-15 18:31:02 [INFO] 调度器已启动。
2024-12-15 18:33:55 [INFO] 录制完成。文件路径: D:\PythonPro\BroadcastRecorder\recordings\2024-12-15_18-33-02_1.wav
2024-12-15 18:34:02 [INFO] HTTP 模式转录已完成: D:\PythonPro\BroadcastRecorder\recordings\2024-12-15_18-33-02_1.wav
2024-12-15 18:35:55 [INFO] 录制完成。文件路径: D:\PythonPro\BroadcastRecorder\recordings\2024-12-15_18-35-02_1.wav
2024-12-15 18:36:02 [INFO] HTTP 模式转录已完成: D:\PythonPro\BroadcastRecorder\recordings\2024-12-15_18-35-02_1.wav
2024-12-15 18:37:55 [INFO] 录制完成。文件路径: D:\PythonPro\BroadcastRecorder\recordings\2024-12-15_18-37-02_1.wav
2024-12-15 18:38:02 [INFO] HTTP 模式转录已完成: D:\PythonPro\BroadcastRecorder\recordings\2024-12-15_18-37-02_1.wav
2024-12-15 18:39:55 [INFO] 录制完成。文件路径: D:\PythonPro\BroadcastRecorder\recordings\2024-12-15_18-39-02_1.wav
2024-12-15 18:40:02 [INFO] HTTP 模式转录已完成: D:\PythonPro\BroadcastRecorder\recordings\2024-12-15_18-39-02_1.wav
2024-12-15 18:41:55 [INFO] 录制完成。文件路径: D:\PythonPro\BroadcastRecorder\recordings\2024-12-15_18-41-02_1.wav
2024-12-15 18:42:02 [INFO] HTTP 模式转录已完成: D:\PythonPro\BroadcastRecorder\recordings\2024-12-15_18-41-02_1.wav
2024-12-15 18:43:55 [INFO] 录制完成。文件路径: D:\PythonPro\BroadcastRecorder\recordings\2024-12-15_18-43-02_1.wav
2024-12-15 18:44:02 [INFO] HTTP 模式转录已完成: D:\PythonPro\BroadcastRecorder\recordings\2024-12-15_18-43-02_1.wav
2024-12-15 18:45:55 [INFO] 录制完成。文件路径: D:\PythonPro\BroadcastRecorder\recordings\2024-12-15_18-45-02_1.wav
2024-12-15 18:46:02 [INFO] HTTP 模式转录已完成: D:\PythonPro\BroadcastRecorder\recordings\2024-12-15_18-45-02_1.wav
2024-12-15 18:47:55 [INFO] 录制完成。文件路径: D:\PythonPro\BroadcastRecorder\recordings\2024-12-15_18-47-02_1.wav
2024-12-15 18:48:02 [INFO] HTTP 模式转录已完成: D:\PythonPro\BroadcastRecorder\recordings\2024-12-15_18-47-02_1.wav
2024-12-15 18:49:55 [INFO] 录制完成。文件路径: D:\PythonPro\BroadcastRecorder\recordings\2024-12-15_18-49-02_1.wav
2024-12-15 18:50:02 [INFO] HTTP 模式转录已完成: D:\PythonPro\BroadcastRecorder\recordings\2024-12-15_18-49-02_1.wav
2024-12-15 18:51:55 [INFO] 录制完成。文件路径: D:\PythonPro\BroadcastRecorder\recordings\2024-12-15_18-51-02_1.wav
2024-12-15 18:52:02 [INFO] HTTP 模式转录已完成: D:\PythonPro\BroadcastRecorder\recordings\2024-12-15_18-51-02_1.wav
2024-12-15 18:53:55 [INFO] 录制完成。文件路径: D:\PythonPro\BroadcastRecorder\recordings\2024-12-15_18-53-02_1.wav
2024-12-15 18:54:02 [INFO] HTTP 模式转录已完成: D:\PythonPro\BroadcastRecorder\recordings\2024-12-15_18-53-02_1.wav
2024-12-15 18:55:55 [INFO] 录制完成。文件路径: D:\PythonPro\BroadcastRecorder\recordings\2024-12-15_18-55-02_1.wav
2024-12-15 18:56:02 [INFO] HTTP 模式转录已完成: D:\PythonPro\BroadcastRecorder\recordings\2024-12-15_18-55-02_1.wav
2024-12-15 18:57:55 [INFO] 录制完成。文件路径: D:\PythonPro\BroadcastRecorder\recordings\2024-12-15_18-57-02_1.wav
2024-12-15 18:58:02 [INFO] HTTP 模式转录已完成: D:\PythonPro\BroadcastRecorder\recordings\2024-12-15_18-57-02_1.wav
2024-12-15 18:59:55 [INFO] 录制完成。文件路径: D:\PythonPro\BroadcastRecorder\recordings\2024-12-15_18-59-02_1.wav
2024-12-15 19:00:02 [INFO] HTTP 模式转录已完成: D:\PythonPro\BroadcastRecorder\recordings\2024-12-15_18-59-02_1.wav
2024-12-15 19:01:55 [INFO] 录制完成。文件路径: D:\PythonPro\BroadcastRecorder\recordings\2024-12-15_19-01-02_1.wav
2024-12-15 19:02:02 [INFO] HTTP 模式转录已完成: D:\PythonPro\BroadcastRecorder\recordings\2024-12-15_19-01-02_1.wav
2024-12-15 19:03:55 [INFO] 录制完成。文件路径: D:\PythonPro\BroadcastRecorder\recordings\2024-12-15_19-03-02_1.wav
2024-12-15 19:04:02 [INFO] HTTP 模式转录已完成: D:\PythonPro\BroadcastRecorder\recordings\2024-12-15_19-03-02_1.wav
2024-12-15 19:05:55 [INFO] 录制完成。文件路径: D:\PythonPro\BroadcastRecorder\recordings\2024-12-15_19-05-02_1.wav
2024-12-15 19:06:02 [INFO] HTTP 模式转录已完成: D:\PythonPro\BroadcastRecorder\recordings\2024-12-15_19-05-02_1.wav
2024-12-15 19:07:54 [INFO] 录制完成。文件路径: D:\PythonPro\BroadcastRecorder\recordings\2024-12-15_19-07-02_1.wav
2024-12-15 19:08:01 [INFO] HTTP 模式转录已完成: D:\PythonPro\BroadcastRecorder\recordings\2024-12-15_19-07-02_1.wav
2024-12-15 19:09:55 [INFO] 录制完成。文件路径: D:\PythonPro\BroadcastRecorder\recordings\2024-12-15_19-09-02_1.wav
2024-12-15 19:10:02 [INFO] HTTP 模式转录已完成: D:\PythonPro\BroadcastRecorder\recordings\2024-12-15_19-09-02_1.wav
2024-12-15 19:11:55 [INFO] 录制完成。文件路径: D:\PythonPro\BroadcastRecorder\recordings\2024-12-15_19-11-02_1.wav
2024-12-15 19:12:02 [INFO] HTTP 模式转录已完成: D:\PythonPro\BroadcastRecorder\recordings\2024-12-15_19-11-02_1.wav
2024-12-15 19:13:55 [INFO] 录制完成。文件路径: D:\PythonPro\BroadcastRecorder\recordings\2024-12-15_19-13-02_1.wav
2024-12-15 19:14:03 [INFO] HTTP 模式转录已完成: D:\PythonPro\BroadcastRecorder\recordings\2024-12-15_19-13-02_1.wav
2024-12-15 19:15:55 [INFO] 录制完成。文件路径: D:\PythonPro\BroadcastRecorder\recordings\2024-12-15_19-15-02_1.wav
2024-12-15 19:16:03 [INFO] HTTP 模式转录已完成: D:\PythonPro\BroadcastRecorder\recordings\2024-12-15_19-15-02_1.wav
2024-12-15 19:17:55 [INFO] 录制完成。文件路径: D:\PythonPro\BroadcastRecorder\recordings\2024-12-15_19-17-02_1.wav
2024-12-15 19:18:03 [INFO] HTTP 模式转录已完成: D:\PythonPro\BroadcastRecorder\recordings\2024-12-15_19-17-02_1.wav
2024-12-15 19:19:55 [INFO] 录制完成。文件路径: D:\PythonPro\BroadcastRecorder\recordings\2024-12-15_19-19-02_1.wav
2024-12-15 19:20:03 [INFO] HTTP 模式转录已完成: D:\PythonPro\BroadcastRecorder\recordings\2024-12-15_19-19-02_1.wav
2024-12-15 19:21:55 [INFO] 录制完成。文件路径: D:\PythonPro\BroadcastRecorder\recordings\2024-12-15_19-21-02_1.wav
2024-12-15 19:22:03 [INFO] HTTP 模式转录已完成: D:\PythonPro\BroadcastRecorder\recordings\2024-12-15_19-21-02_1.wav
2024-12-15 19:23:55 [INFO] 录制完成。文件路径: D:\PythonPro\BroadcastRecorder\recordings\2024-12-15_19-23-02_1.wav
2024-12-15 19:24:02 [INFO] HTTP 模式转录已完成: D:\PythonPro\BroadcastRecorder\recordings\2024-12-15_19-23-02_1.wav
2024-12-15 19:25:55 [INFO] 录制完成。文件路径: D:\PythonPro\BroadcastRecorder\recordings\2024-12-15_19-25-02_1.wav
2024-12-15 19:26:02 [INFO] HTTP 模式转录已完成: D:\PythonPro\BroadcastRecorder\recordings\2024-12-15_19-25-02_1.wav
2024-12-15 19:27:55 [INFO] 录制完成。文件路径: D:\PythonPro\BroadcastRecorder\recordings\2024-12-15_19-27-02_1.wav
2024-12-15 19:28:02 [INFO] HTTP 模式转录已完成: D:\PythonPro\BroadcastRecorder\recordings\2024-12-15_19-27-02_1.wav
2024-12-15 19:28:30 [INFO] Stopping scheduler...
2024-12-15 19:28:30 [INFO] 调度器已停止。
2024-12-15 19:31:29 [INFO] Starting scheduler...
2024-12-15 19:31:29 [INFO] 调度器已启动。
2024-12-15 19:31:45 [INFO] Stopping scheduler...
2024-12-15 19:31:45 [INFO] 调度器已停止。
2024-12-15 20:37:41 [INFO] Starting scheduler...
2024-12-15 20:37:41 [INFO] 调度器已启动。
2024-12-15 20:40:34 [INFO] 录制完成。文件路径: D:\PythonPro\BroadcastRecorder\recordings\2024-12-15_20-39-41_1.wav
2024-12-15 20:40:38 [INFO] HTTP 模式转录已完成: D:\PythonPro\BroadcastRecorder\recordings\2024-12-15_20-39-41_1.wav
2024-12-15 20:42:34 [INFO] 录制完成。文件路径: D:\PythonPro\BroadcastRecorder\recordings\2024-12-15_20-41-41_1.wav
2024-12-15 20:42:38 [INFO] HTTP 模式转录已完成: D:\PythonPro\BroadcastRecorder\recordings\2024-12-15_20-41-41_1.wav
2024-12-15 20:44:34 [INFO] 录制完成。文件路径: D:\PythonPro\BroadcastRecorder\recordings\2024-12-15_20-43-41_1.wav
2024-12-15 20:44:38 [INFO] HTTP 模式转录已完成: D:\PythonPro\BroadcastRecorder\recordings\2024-12-15_20-43-41_1.wav
2024-12-15 20:46:34 [INFO] 录制完成。文件路径: D:\PythonPro\BroadcastRecorder\recordings\2024-12-15_20-45-41_1.wav
2024-12-15 20:46:38 [INFO] HTTP 模式转录已完成: D:\PythonPro\BroadcastRecorder\recordings\2024-12-15_20-45-41_1.wav
2024-12-15 20:48:34 [INFO] 录制完成。文件路径: D:\PythonPro\BroadcastRecorder\recordings\2024-12-15_20-47-41_1.wav
2024-12-15 20:48:38 [INFO] HTTP 模式转录已完成: D:\PythonPro\BroadcastRecorder\recordings\2024-12-15_20-47-41_1.wav
2024-12-15 20:50:34 [INFO] 录制完成。文件路径: D:\PythonPro\BroadcastRecorder\recordings\2024-12-15_20-49-41_1.wav
2024-12-15 20:50:38 [INFO] HTTP 模式转录已完成: D:\PythonPro\BroadcastRecorder\recordings\2024-12-15_20-49-41_1.wav
2024-12-15 20:52:34 [INFO] 录制完成。文件路径: D:\PythonPro\BroadcastRecorder\recordings\2024-12-15_20-51-41_1.wav
2024-12-15 20:52:38 [INFO] HTTP 模式转录已完成: D:\PythonPro\BroadcastRecorder\recordings\2024-12-15_20-51-41_1.wav
2024-12-15 20:53:29 [INFO] Stopping scheduler...
2024-12-15 20:53:29 [INFO] 调度器已停止。
2024-12-15 21:10:53 [INFO] Starting scheduler...
2024-12-15 21:10:53 [INFO] 调度器已启动。
2024-12-15 21:13:46 [INFO] 录制完成。文件路径: D:\PythonPro\BroadcastRecorder\recordings\2024-12-15_21-12-53_1.wav
2024-12-15 21:13:50 [INFO] HTTP 模式转录已完成: D:\PythonPro\BroadcastRecorder\recordings\2024-12-15_21-12-53_1.wav
2024-12-15 21:14:53 [INFO] Stopping scheduler...
2024-12-15 21:15:46 [INFO] 录制完成。文件路径: D:\PythonPro\BroadcastRecorder\recordings\2024-12-15_21-14-53_1.wav
2024-12-15 21:15:50 [INFO] HTTP 模式转录已完成: D:\PythonPro\BroadcastRecorder\recordings\2024-12-15_21-14-53_1.wav
2024-12-15 21:15:50 [INFO] 调度器已停止。
2024-12-15 21:15:52 [INFO] Starting scheduler...
2024-12-15 21:15:52 [INFO] 调度器已启动。
2024-12-15 21:17:52 [INFO] Stopping scheduler...
2024-12-15 21:18:44 [INFO] 录制完成。文件路径: D:\PythonPro\BroadcastRecorder\recordings\2024-12-15_21-17-52_1.wav
2024-12-15 21:18:49 [INFO] HTTP 模式转录已完成: D:\PythonPro\BroadcastRecorder\recordings\2024-12-15_21-17-52_1.wav
2024-12-15 21:18:49 [INFO] 调度器已停止。
2024-12-15 21:21:25 [INFO] Starting scheduler...
2024-12-15 21:21:25 [INFO] 调度器已启动。
2024-12-15 21:24:19 [INFO] 录制完成。文件路径: D:\PythonPro\BroadcastRecorder\recordings\2024-12-15_21-23-25_1.wav
2024-12-15 21:24:23 [INFO] HTTP 模式转录已完成: D:\PythonPro\BroadcastRecorder\recordings\2024-12-15_21-23-25_1.wav
2024-12-15 21:26:19 [INFO] 录制完成。文件路径: D:\PythonPro\BroadcastRecorder\recordings\2024-12-15_21-25-25_1.wav
2024-12-15 21:26:19 [INFO] Stopping scheduler...
2024-12-15 21:26:23 [INFO] HTTP 模式转录已完成: D:\PythonPro\BroadcastRecorder\recordings\2024-12-15_21-25-25_1.wav
2024-12-15 21:26:23 [INFO] 调度器已停止。
2024-12-15 21:26:24 [INFO] Starting scheduler...
2024-12-15 21:26:24 [INFO] 调度器已启动。
2024-12-15 21:28:24 [INFO] Stopping scheduler...
2024-12-15 21:29:17 [INFO] 录制完成。文件路径: D:\PythonPro\BroadcastRecorder\recordings\2024-12-15_21-28-24_1.wav
2024-12-15 21:29:21 [INFO] HTTP 模式转录已完成: D:\PythonPro\BroadcastRecorder\recordings\2024-12-15_21-28-24_1.wav
2024-12-15 21:29:21 [INFO] 调度器已停止。
2024-12-15 21:29:23 [INFO] Starting scheduler...
2024-12-15 21:29:23 [INFO] 调度器已启动。
2024-12-15 21:31:23 [INFO] Stopping scheduler...
2024-12-15 21:32:15 [INFO] 录制完成。文件路径: D:\PythonPro\BroadcastRecorder\recordings\2024-12-15_21-31-23_1.wav
2024-12-15 21:32:19 [INFO] HTTP 模式转录已完成: D:\PythonPro\BroadcastRecorder\recordings\2024-12-15_21-31-23_1.wav
2024-12-15 21:32:19 [INFO] 调度器已停止。
2024-12-15 21:32:21 [INFO] Starting scheduler...
2024-12-15 21:32:21 [INFO] 调度器已启动。
2024-12-15 21:35:14 [INFO] 录制完成。文件路径: D:\PythonPro\BroadcastRecorder\recordings\2024-12-15_21-34-21_1.wav
2024-12-15 21:35:14 [INFO] Stopping scheduler...
2024-12-15 21:35:18 [INFO] HTTP 模式转录已完成: D:\PythonPro\BroadcastRecorder\recordings\2024-12-15_21-34-21_1.wav
2024-12-15 21:35:18 [INFO] 调度器已停止。
2024-12-15 21:35:20 [INFO] Starting scheduler...
2024-12-15 21:35:20 [INFO] 调度器已启动。
2024-12-15 21:38:13 [INFO] 录制完成。文件路径: D:\PythonPro\BroadcastRecorder\recordings\2024-12-15_21-37-20_1.wav
2024-12-15 21:38:17 [INFO] HTTP 模式转录已完成: D:\PythonPro\BroadcastRecorder\recordings\2024-12-15_21-37-20_1.wav
2024-12-15 21:40:12 [INFO] 录制完成。文件路径: D:\PythonPro\BroadcastRecorder\recordings\2024-12-15_21-39-20_1.wav
2024-12-15 21:40:13 [INFO] Stopping scheduler...
2024-12-15 21:40:16 [INFO] HTTP 模式转录已完成: D:\PythonPro\BroadcastRecorder\recordings\2024-12-15_21-39-20_1.wav
2024-12-15 21:40:16 [INFO] 调度器已停止。
2024-12-15 21:40:18 [INFO] Starting scheduler...
2024-12-15 21:40:18 [INFO] 调度器已启动。
2024-12-15 21:43:11 [INFO] 录制完成。文件路径: D:\PythonPro\BroadcastRecorder\recordings\2024-12-15_21-42-18_1.wav
2024-12-15 21:43:15 [INFO] HTTP 模式转录已完成: D:\PythonPro\BroadcastRecorder\recordings\2024-12-15_21-42-18_1.wav
2024-12-15 21:45:11 [INFO] 录制完成。文件路径: D:\PythonPro\BroadcastRecorder\recordings\2024-12-15_21-44-18_1.wav
2024-12-15 21:45:11 [INFO] Stopping scheduler...
2024-12-15 21:45:15 [INFO] HTTP 模式转录已完成: D:\PythonPro\BroadcastRecorder\recordings\2024-12-15_21-44-18_1.wav
2024-12-15 21:45:15 [INFO] 调度器已停止。
2024-12-15 21:45:16 [INFO] Starting scheduler...
2024-12-15 21:45:16 [INFO] 调度器已启动。
2024-12-15 21:48:09 [INFO] 录制完成。文件路径: D:\PythonPro\BroadcastRecorder\recordings\2024-12-15_21-47-16_1.wav
2024-12-15 21:48:10 [INFO] Stopping scheduler...
2024-12-15 21:48:14 [INFO] HTTP 模式转录已完成: D:\PythonPro\BroadcastRecorder\recordings\2024-12-15_21-47-16_1.wav
2024-12-15 21:48:14 [INFO] 调度器已停止。
2024-12-15 21:48:15 [INFO] Starting scheduler...
2024-12-15 21:48:15 [INFO] 调度器已启动。
2024-12-15 21:51:08 [INFO] 录制完成。文件路径: D:\PythonPro\BroadcastRecorder\recordings\2024-12-15_21-50-15_1.wav
2024-12-15 21:51:12 [INFO] HTTP 模式转录已完成: D:\PythonPro\BroadcastRecorder\recordings\2024-12-15_21-50-15_1.wav
2024-12-15 21:53:08 [INFO] 录制完成。文件路径: D:\PythonPro\BroadcastRecorder\recordings\2024-12-15_21-52-15_1.wav
2024-12-15 21:53:12 [INFO] HTTP 模式转录已完成: D:\PythonPro\BroadcastRecorder\recordings\2024-12-15_21-52-15_1.wav
2024-12-15 21:55:08 [INFO] 录制完成。文件路径: D:\PythonPro\BroadcastRecorder\recordings\2024-12-15_21-54-15_1.wav
2024-12-15 21:55:12 [INFO] HTTP 模式转录已完成: D:\PythonPro\BroadcastRecorder\recordings\2024-12-15_21-54-15_1.wav
2024-12-15 21:56:15 [INFO] Stopping scheduler...
2024-12-15 21:57:08 [INFO] 录制完成。文件路径: D:\PythonPro\BroadcastRecorder\recordings\2024-12-15_21-56-15_1.wav
2024-12-15 21:57:12 [INFO] HTTP 模式转录已完成: D:\PythonPro\BroadcastRecorder\recordings\2024-12-15_21-56-15_1.wav
2024-12-15 21:57:12 [INFO] 调度器已停止。
2024-12-15 21:57:14 [INFO] Starting scheduler...
2024-12-15 21:57:14 [INFO] 调度器已启动。
2024-12-15 22:00:07 [INFO] 录制完成。文件路径: D:\PythonPro\BroadcastRecorder\recordings\2024-12-15_21-59-14_1.wav
2024-12-15 22:00:07 [INFO] Stopping scheduler...
2024-12-15 22:00:11 [INFO] HTTP 模式转录已完成: D:\PythonPro\BroadcastRecorder\recordings\2024-12-15_21-59-14_1.wav
2024-12-15 22:00:11 [INFO] 调度器已停止。
2024-12-15 22:00:12 [INFO] Starting scheduler...
2024-12-15 22:00:12 [INFO] 调度器已启动。
2024-12-15 22:03:05 [INFO] 录制完成。文件路径: D:\PythonPro\BroadcastRecorder\recordings\2024-12-15_22-02-12_1.wav
2024-12-15 22:03:09 [INFO] HTTP 模式转录已完成: D:\PythonPro\BroadcastRecorder\recordings\2024-12-15_22-02-12_1.wav
2024-12-15 22:05:05 [INFO] 录制完成。文件路径: D:\PythonPro\BroadcastRecorder\recordings\2024-12-15_22-04-12_1.wav
2024-12-15 22:05:09 [INFO] HTTP 模式转录已完成: D:\PythonPro\BroadcastRecorder\recordings\2024-12-15_22-04-12_1.wav
2024-12-15 22:06:12 [INFO] Stopping scheduler...
2024-12-15 22:07:05 [INFO] 录制完成。文件路径: D:\PythonPro\BroadcastRecorder\recordings\2024-12-15_22-06-12_1.wav
2024-12-15 22:07:09 [INFO] HTTP 模式转录已完成: D:\PythonPro\BroadcastRecorder\recordings\2024-12-15_22-06-12_1.wav
2024-12-15 22:07:09 [INFO] 调度器已停止。
2024-12-15 22:07:11 [INFO] Starting scheduler...
2024-12-15 22:07:11 [INFO] 调度器已启动。
2024-12-15 22:09:11 [INFO] Stopping scheduler...
2024-12-15 22:10:04 [INFO] 录制完成。文件路径: D:\PythonPro\BroadcastRecorder\recordings\2024-12-15_22-09-11_1.wav
2024-12-15 22:10:08 [INFO] HTTP 模式转录已完成: D:\PythonPro\BroadcastRecorder\recordings\2024-12-15_22-09-11_1.wav
2024-12-15 22:10:08 [INFO] 调度器已停止。
2024-12-15 22:10:09 [INFO] Starting scheduler...
2024-12-15 22:10:09 [INFO] 调度器已启动。
2024-12-15 22:13:02 [INFO] 录制完成。文件路径: D:\PythonPro\BroadcastRecorder\recordings\2024-12-15_22-12-09_1.wav
2024-12-15 22:13:06 [INFO] HTTP 模式转录已完成: D:\PythonPro\BroadcastRecorder\recordings\2024-12-15_22-12-09_1.wav
2024-12-15 22:13:32 [INFO] Stopping scheduler...
2024-12-15 22:13:32 [INFO] 调度器已停止。
2024-12-15 22:13:34 [INFO] Starting scheduler...
2024-12-15 22:13:34 [INFO] 调度器已启动。
2024-12-15 22:16:27 [INFO] 录制完成。文件路径: D:\PythonPro\BroadcastRecorder\recordings\2024-12-15_22-15-34_1.wav
2024-12-15 22:16:31 [INFO] HTTP 模式转录已完成: D:\PythonPro\BroadcastRecorder\recordings\2024-12-15_22-15-34_1.wav
2024-12-15 22:17:34 [INFO] Stopping scheduler...
2024-12-15 22:18:27 [INFO] 录制完成。文件路径: D:\PythonPro\BroadcastRecorder\recordings\2024-12-15_22-17-34_1.wav
2024-12-15 22:18:31 [INFO] HTTP 模式转录已完成: D:\PythonPro\BroadcastRecorder\recordings\2024-12-15_22-17-34_1.wav
2024-12-15 22:18:31 [INFO] 调度器已停止。
2024-12-15 22:18:32 [INFO] Starting scheduler...
2024-12-15 22:18:32 [INFO] 调度器已启动。
2024-12-15 22:21:25 [INFO] 录制完成。文件路径: D:\PythonPro\BroadcastRecorder\recordings\2024-12-15_22-20-32_1.wav
2024-12-15 22:21:29 [INFO] HTTP 模式转录已完成: D:\PythonPro\BroadcastRecorder\recordings\2024-12-15_22-20-32_1.wav
2024-12-15 22:21:55 [INFO] Stopping scheduler...
2024-12-15 22:21:55 [INFO] 调度器已停止。
2024-12-15 22:21:57 [INFO] Starting scheduler...
2024-12-15 22:21:57 [INFO] 调度器已启动。
2024-12-15 22:24:50 [INFO] 录制完成。文件路径: D:\PythonPro\BroadcastRecorder\recordings\2024-12-15_22-23-57_1.wav
2024-12-15 22:24:54 [INFO] HTTP 模式转录已完成: D:\PythonPro\BroadcastRecorder\recordings\2024-12-15_22-23-57_1.wav
2024-12-15 22:25:20 [INFO] Stopping scheduler...
2024-12-15 22:25:20 [INFO] 调度器已停止。
2024-12-15 22:25:22 [INFO] Starting scheduler...
2024-12-15 22:25:22 [INFO] 调度器已启动。
2024-12-15 22:28:15 [INFO] 录制完成。文件路径: D:\PythonPro\BroadcastRecorder\recordings\2024-12-15_22-27-22_1.wav
2024-12-15 22:28:19 [INFO] HTTP 模式转录已完成: D:\PythonPro\BroadcastRecorder\recordings\2024-12-15_22-27-22_1.wav
2024-12-15 22:29:22 [INFO] Stopping scheduler...
2024-12-15 22:30:15 [INFO] 录制完成。文件路径: D:\PythonPro\BroadcastRecorder\recordings\2024-12-15_22-29-22_1.wav
2024-12-15 22:30:19 [INFO] HTTP 模式转录已完成: D:\PythonPro\BroadcastRecorder\recordings\2024-12-15_22-29-22_1.wav
2024-12-15 22:30:19 [INFO] 调度器已停止。
2024-12-15 22:30:21 [INFO] Starting scheduler...
2024-12-15 22:30:21 [INFO] 调度器已启动。
2024-12-15 22:32:21 [INFO] Stopping scheduler...
2024-12-15 22:33:14 [INFO] 录制完成。文件路径: D:\PythonPro\BroadcastRecorder\recordings\2024-12-15_22-32-21_1.wav
2024-12-15 22:33:18 [INFO] HTTP 模式转录已完成: D:\PythonPro\BroadcastRecorder\recordings\2024-12-15_22-32-21_1.wav
2024-12-15 22:33:18 [INFO] 调度器已停止。
2024-12-15 22:33:19 [INFO] Starting scheduler...
2024-12-15 22:33:19 [INFO] 调度器已启动。
2024-12-15 22:36:12 [INFO] 录制完成。文件路径: D:\PythonPro\BroadcastRecorder\recordings\2024-12-15_22-35-19_1.wav
2024-12-15 22:36:12 [INFO] Stopping scheduler...
2024-12-15 22:36:16 [INFO] HTTP 模式转录已完成: D:\PythonPro\BroadcastRecorder\recordings\2024-12-15_22-35-19_1.wav
2024-12-15 22:36:16 [INFO] 调度器已停止。
2024-12-15 22:36:18 [INFO] Starting scheduler...
2024-12-15 22:36:18 [INFO] 调度器已启动。
2024-12-15 22:38:18 [INFO] Stopping scheduler...
2024-12-15 22:39:11 [INFO] 录制完成。文件路径: D:\PythonPro\BroadcastRecorder\recordings\2024-12-15_22-38-18_1.wav
2024-12-15 22:39:15 [INFO] HTTP 模式转录已完成: D:\PythonPro\BroadcastRecorder\recordings\2024-12-15_22-38-18_1.wav
2024-12-15 22:39:15 [INFO] 调度器已停止。
2024-12-15 22:39:16 [INFO] Starting scheduler...
2024-12-15 22:39:16 [INFO] 调度器已启动。
2024-12-15 22:42:09 [INFO] 录制完成。文件路径: D:\PythonPro\BroadcastRecorder\recordings\2024-12-15_22-41-16_1.wav
2024-12-15 22:42:13 [INFO] HTTP 模式转录已完成: D:\PythonPro\BroadcastRecorder\recordings\2024-12-15_22-41-16_1.wav
2024-12-15 22:44:09 [INFO] 录制完成。文件路径: D:\PythonPro\BroadcastRecorder\recordings\2024-12-15_22-43-16_1.wav
2024-12-15 22:44:13 [INFO] HTTP 模式转录已完成: D:\PythonPro\BroadcastRecorder\recordings\2024-12-15_22-43-16_1.wav
2024-12-15 22:46:09 [INFO] 录制完成。文件路径: D:\PythonPro\BroadcastRecorder\recordings\2024-12-15_22-45-16_1.wav
2024-12-15 22:46:13 [INFO] HTTP 模式转录已完成: D:\PythonPro\BroadcastRecorder\recordings\2024-12-15_22-45-16_1.wav
2024-12-15 22:47:16 [INFO] Stopping scheduler...
2024-12-15 22:48:09 [INFO] 录制完成。文件路径: D:\PythonPro\BroadcastRecorder\recordings\2024-12-15_22-47-16_1.wav
2024-12-15 22:48:13 [INFO] HTTP 模式转录已完成: D:\PythonPro\BroadcastRecorder\recordings\2024-12-15_22-47-16_1.wav
2024-12-15 22:48:13 [INFO] 调度器已停止。
2024-12-15 22:48:15 [INFO] Starting scheduler...
2024-12-15 22:48:15 [INFO] 调度器已启动。
2024-12-15 22:51:07 [INFO] 录制完成。文件路径: D:\PythonPro\BroadcastRecorder\recordings\2024-12-15_22-50-15_1.wav
2024-12-15 22:51:11 [INFO] HTTP 模式转录已完成: D:\PythonPro\BroadcastRecorder\recordings\2024-12-15_22-50-15_1.wav
2024-12-15 22:53:07 [INFO] 录制完成。文件路径: D:\PythonPro\BroadcastRecorder\recordings\2024-12-15_22-52-15_1.wav
2024-12-15 22:53:07 [INFO] Stopping scheduler...
2024-12-15 22:53:11 [INFO] HTTP 模式转录已完成: D:\PythonPro\BroadcastRecorder\recordings\2024-12-15_22-52-15_1.wav
2024-12-15 22:53:11 [INFO] 调度器已停止。
2024-12-15 22:53:13 [INFO] Starting scheduler...
2024-12-15 22:53:13 [INFO] 调度器已启动。
2024-12-15 22:56:06 [INFO] 录制完成。文件路径: D:\PythonPro\BroadcastRecorder\recordings\2024-12-15_22-55-13_1.wav
2024-12-15 22:56:10 [INFO] HTTP 模式转录已完成: D:\PythonPro\BroadcastRecorder\recordings\2024-12-15_22-55-13_1.wav
2024-12-15 22:58:06 [INFO] 录制完成。文件路径: D:\PythonPro\BroadcastRecorder\recordings\2024-12-15_22-57-13_1.wav
2024-12-15 22:58:10 [INFO] HTTP 模式转录已完成: D:\PythonPro\BroadcastRecorder\recordings\2024-12-15_22-57-13_1.wav
2024-12-15 23:00:06 [INFO] 录制完成。文件路径: D:\PythonPro\BroadcastRecorder\recordings\2024-12-15_22-59-13_1.wav
2024-12-15 23:00:10 [INFO] HTTP 模式转录已完成: D:\PythonPro\BroadcastRecorder\recordings\2024-12-15_22-59-13_1.wav
2024-12-15 23:02:05 [INFO] 录制完成。文件路径: D:\PythonPro\BroadcastRecorder\recordings\2024-12-15_23-01-13_1.wav
2024-12-15 23:02:06 [INFO] Stopping scheduler...
2024-12-15 23:02:10 [INFO] HTTP 模式转录已完成: D:\PythonPro\BroadcastRecorder\recordings\2024-12-15_23-01-13_1.wav
2024-12-15 23:02:10 [INFO] 调度器已停止。
2024-12-15 23:02:11 [INFO] Starting scheduler...
2024-12-15 23:02:11 [INFO] 调度器已启动。
2024-12-15 23:05:04 [INFO] 录制完成。文件路径: D:\PythonPro\BroadcastRecorder\recordings\2024-12-15_23-04-11_1.wav
2024-12-15 23:05:08 [INFO] HTTP 模式转录已完成: D:\PythonPro\BroadcastRecorder\recordings\2024-12-15_23-04-11_1.wav
2024-12-15 23:06:11 [INFO] Stopping scheduler...
2024-12-15 23:07:04 [INFO] 录制完成。文件路径: D:\PythonPro\BroadcastRecorder\recordings\2024-12-15_23-06-11_1.wav
2024-12-15 23:07:08 [INFO] HTTP 模式转录已完成: D:\PythonPro\BroadcastRecorder\recordings\2024-12-15_23-06-11_1.wav
2024-12-15 23:07:08 [INFO] 调度器已停止。
2024-12-15 23:07:10 [INFO] Starting scheduler...
2024-12-15 23:07:10 [INFO] 调度器已启动。
2024-12-15 23:10:03 [INFO] 录制完成。文件路径: D:\PythonPro\BroadcastRecorder\recordings\2024-12-15_23-09-10_1.wav
2024-12-15 23:10:07 [INFO] HTTP 模式转录已完成: D:\PythonPro\BroadcastRecorder\recordings\2024-12-15_23-09-10_1.wav
2024-12-15 23:10:33 [INFO] Stopping scheduler...
2024-12-15 23:10:33 [INFO] 调度器已停止。
2024-12-15 23:10:35 [INFO] Starting scheduler...
2024-12-15 23:10:35 [INFO] 调度器已启动。
2024-12-15 23:13:27 [INFO] 录制完成。文件路径: D:\PythonPro\BroadcastRecorder\recordings\2024-12-15_23-12-35_1.wav
2024-12-15 23:13:31 [INFO] HTTP 模式转录已完成: D:\PythonPro\BroadcastRecorder\recordings\2024-12-15_23-12-35_1.wav
2024-12-15 23:14:35 [INFO] Stopping scheduler...
2024-12-15 23:15:27 [INFO] 录制完成。文件路径: D:\PythonPro\BroadcastRecorder\recordings\2024-12-15_23-14-35_1.wav
2024-12-15 23:15:31 [INFO] HTTP 模式转录已完成: D:\PythonPro\BroadcastRecorder\recordings\2024-12-15_23-14-35_1.wav
2024-12-15 23:15:31 [INFO] 调度器已停止。
2024-12-15 23:15:33 [INFO] Starting scheduler...
2024-12-15 23:15:33 [INFO] 调度器已启动。
2024-12-15 23:18:26 [INFO] 录制完成。文件路径: D:\PythonPro\BroadcastRecorder\recordings\2024-12-15_23-17-33_1.wav
2024-12-15 23:18:26 [INFO] Stopping scheduler...
2024-12-15 23:18:30 [INFO] HTTP 模式转录已完成: D:\PythonPro\BroadcastRecorder\recordings\2024-12-15_23-17-33_1.wav
2024-12-15 23:18:30 [INFO] 调度器已停止。
2024-12-15 23:18:32 [INFO] Starting scheduler...
2024-12-15 23:18:32 [INFO] 调度器已启动。
2024-12-15 23:21:25 [INFO] 录制完成。文件路径: D:\PythonPro\BroadcastRecorder\recordings\2024-12-15_23-20-32_1.wav
2024-12-15 23:21:29 [INFO] HTTP 模式转录已完成: D:\PythonPro\BroadcastRecorder\recordings\2024-12-15_23-20-32_1.wav
2024-12-15 23:22:32 [INFO] Stopping scheduler...
2024-12-15 23:23:25 [INFO] 录制完成。文件路径: D:\PythonPro\BroadcastRecorder\recordings\2024-12-15_23-22-32_1.wav
2024-12-15 23:23:29 [INFO] HTTP 模式转录已完成: D:\PythonPro\BroadcastRecorder\recordings\2024-12-15_23-22-32_1.wav
2024-12-15 23:23:29 [INFO] 调度器已停止。
2024-12-15 23:23:30 [INFO] Starting scheduler...
2024-12-15 23:23:30 [INFO] 调度器已启动。
2024-12-15 23:26:23 [INFO] 录制完成。文件路径: D:\PythonPro\BroadcastRecorder\recordings\2024-12-15_23-25-30_1.wav
2024-12-15 23:26:27 [INFO] HTTP 模式转录已完成: D:\PythonPro\BroadcastRecorder\recordings\2024-12-15_23-25-30_1.wav
2024-12-15 23:26:53 [INFO] Stopping scheduler...
2024-12-15 23:26:53 [INFO] 调度器已停止。
2024-12-15 23:26:55 [INFO] Starting scheduler...
2024-12-15 23:26:55 [INFO] 调度器已启动。
2024-12-15 23:29:48 [INFO] 录制完成。文件路径: D:\PythonPro\BroadcastRecorder\recordings\2024-12-15_23-28-55_1.wav
2024-12-15 23:29:52 [INFO] HTTP 模式转录已完成: D:\PythonPro\BroadcastRecorder\recordings\2024-12-15_23-28-55_1.wav
2024-12-15 23:31:48 [INFO] 录制完成。文件路径: D:\PythonPro\BroadcastRecorder\recordings\2024-12-15_23-30-55_1.wav
2024-12-15 23:31:48 [INFO] Stopping scheduler...
2024-12-15 23:31:52 [INFO] HTTP 模式转录已完成: D:\PythonPro\BroadcastRecorder\recordings\2024-12-15_23-30-55_1.wav
2024-12-15 23:31:52 [INFO] 调度器已停止。
2024-12-15 23:31:54 [INFO] Starting scheduler...
2024-12-15 23:31:54 [INFO] 调度器已启动。
2024-12-15 23:34:47 [INFO] 录制完成。文件路径: D:\PythonPro\BroadcastRecorder\recordings\2024-12-15_23-33-54_1.wav
2024-12-15 23:34:47 [INFO] Stopping scheduler...
2024-12-15 23:34:51 [INFO] HTTP 模式转录已完成: D:\PythonPro\BroadcastRecorder\recordings\2024-12-15_23-33-54_1.wav
2024-12-15 23:34:51 [INFO] 调度器已停止。
2024-12-15 23:34:52 [INFO] Starting scheduler...
2024-12-15 23:34:52 [INFO] 调度器已启动。
2024-12-15 23:36:53 [INFO] Stopping scheduler...
2024-12-15 23:37:45 [INFO] 录制完成。文件路径: D:\PythonPro\BroadcastRecorder\recordings\2024-12-15_23-36-52_1.wav
2024-12-15 23:37:49 [INFO] HTTP 模式转录已完成: D:\PythonPro\BroadcastRecorder\recordings\2024-12-15_23-36-52_1.wav
2024-12-15 23:37:49 [INFO] 调度器已停止。
2024-12-15 23:37:51 [INFO] Starting scheduler...
2024-12-15 23:37:51 [INFO] 调度器已启动。
2024-12-15 23:39:52 [INFO] Stopping scheduler...
2024-12-15 23:39:52 [INFO] 调度器已停止。
2024-12-15 23:39:54 [INFO] Starting scheduler...
2024-12-15 23:39:54 [INFO] 调度器已启动。
2024-12-15 23:41:54 [INFO] Stopping scheduler...
2024-12-15 23:42:47 [INFO] 录制完成。文件路径: D:\PythonPro\BroadcastRecorder\recordings\2024-12-15_23-41-54_1.wav
2024-12-15 23:42:51 [INFO] HTTP 模式转录已完成: D:\PythonPro\BroadcastRecorder\recordings\2024-12-15_23-41-54_1.wav
2024-12-15 23:42:51 [INFO] 调度器已停止。
2024-12-15 23:42:52 [INFO] Starting scheduler...
2024-12-15 23:42:52 [INFO] 调度器已启动。
2024-12-15 23:44:53 [INFO] Stopping scheduler...
2024-12-15 23:45:45 [INFO] 录制完成。文件路径: D:\PythonPro\BroadcastRecorder\recordings\2024-12-15_23-44-52_1.wav
2024-12-15 23:45:49 [INFO] HTTP 模式转录已完成: D:\PythonPro\BroadcastRecorder\recordings\2024-12-15_23-44-52_1.wav
2024-12-15 23:45:49 [INFO] 调度器已停止。
2024-12-15 23:45:51 [INFO] Starting scheduler...
2024-12-15 23:45:51 [INFO] 调度器已启动。
2024-12-15 23:48:44 [INFO] 录制完成。文件路径: D:\PythonPro\BroadcastRecorder\recordings\2024-12-15_23-47-51_1.wav
2024-12-15 23:48:44 [INFO] Stopping scheduler...
2024-12-15 23:48:48 [INFO] HTTP 模式转录已完成: D:\PythonPro\BroadcastRecorder\recordings\2024-12-15_23-47-51_1.wav
2024-12-15 23:48:48 [INFO] 调度器已停止。
2024-12-15 23:48:49 [INFO] Starting scheduler...
2024-12-15 23:48:49 [INFO] 调度器已启动。
2024-12-15 23:50:50 [INFO] Stopping scheduler...
2024-12-15 23:51:42 [INFO] 录制完成。文件路径: D:\PythonPro\BroadcastRecorder\recordings\2024-12-15_23-50-49_1.wav
2024-12-15 23:51:46 [INFO] HTTP 模式转录已完成: D:\PythonPro\BroadcastRecorder\recordings\2024-12-15_23-50-49_1.wav
2024-12-15 23:51:46 [INFO] 调度器已停止。
2024-12-15 23:51:48 [INFO] Starting scheduler...
2024-12-15 23:51:48 [INFO] 调度器已启动。
2024-12-15 23:53:48 [INFO] Stopping scheduler...
2024-12-15 23:54:41 [INFO] 录制完成。文件路径: D:\PythonPro\BroadcastRecorder\recordings\2024-12-15_23-53-48_1.wav
2024-12-15 23:54:45 [INFO] HTTP 模式转录已完成: D:\PythonPro\BroadcastRecorder\recordings\2024-12-15_23-53-48_1.wav
2024-12-15 23:54:45 [INFO] 调度器已停止。
2024-12-15 23:54:47 [INFO] Starting scheduler...
2024-12-15 23:54:47 [INFO] 调度器已启动。
2024-12-15 23:56:16 [INFO] Stopping scheduler...
2024-12-15 23:56:16 [INFO] 调度器已停止。
2024-12-15 23:56:18 [INFO] Starting scheduler...
2024-12-15 23:56:18 [INFO] 调度器已启动。
2024-12-16 22:24:11 [INFO] Starting scheduler...
2024-12-16 22:24:11 [INFO] 调度器已启动。
2024-12-16 22:30:05 [INFO] Starting scheduler...
2024-12-16 22:30:05 [INFO] 调度器已启动。
2024-12-16 22:30:39 [INFO] Scheduled reminder '11111' at 2024-12-16 12:30:00
2024-12-16 22:30:47 [INFO] Scheduled reminder '2222 ' at 2024-12-16 12:30:00
2024-12-16 22:32:03 [INFO] Stopping scheduler...
2024-12-16 22:32:03 [INFO] 调度器已停止。
2024-12-16 22:45:58 [INFO] Starting scheduler...
2024-12-16 22:45:58 [INFO] 调度器已启动。
2024-12-16 22:48:51 [INFO] 录制完成。文件路径: D:\PythonPro\BroadcastRecorder\recordings\2024-12-16_22-47-58_1.wav
2024-12-16 22:48:55 [INFO] HTTP 模式转录已完成: D:\PythonPro\BroadcastRecorder\recordings\2024-12-16_22-47-58_1.wav
2024-12-16 22:50:11 [INFO] Stopping scheduler...
2024-12-16 22:50:20 [INFO] Starting scheduler...
2024-12-16 22:50:20 [INFO] 调度器已启动。
2024-12-16 22:51:25 [INFO] Stopping scheduler...
2024-12-16 22:51:25 [INFO] 调度器已停止。
2024-12-16 22:58:54 [INFO] Starting scheduler...
2024-12-16 22:58:54 [INFO] 调度器已启动。
2024-12-16 22:59:47 [INFO] Scheduled reminder '1111' at 2024-12-15 12:30:00
2024-12-16 22:59:52 [INFO] Scheduled reminder '22222' at 2024-12-15 12:30:00
2024-12-16 23:00:00 [INFO] Scheduled reminder '222222' at 2024-12-17 12:30:00
2024-12-16 23:11:17 [INFO] Starting scheduler...
2024-12-16 23:11:17 [INFO] 调度器已启动。
2024-12-16 23:13:12 [INFO] Stopping scheduler...
2024-12-16 23:13:12 [INFO] 调度器已停止。
2024-12-16 23:20:29 [INFO] Starting scheduler...
2024-12-16 23:20:29 [INFO] 调度器已启动。
2024-12-16 23:22:58 [INFO] Stopping scheduler...
2024-12-16 23:27:08 [INFO] Starting scheduler...
2024-12-16 23:27:08 [INFO] 调度器已启动。
2024-12-16 23:27:22 [INFO] Scheduled reminder '2222' at 2024-12-15 12:30:00
2024-12-16 23:27:34 [INFO] Scheduled reminder '3333' at 2024-12-15 17:30:00
2024-12-16 23:34:51 [INFO] Starting scheduler...
2024-12-16 23:34:51 [INFO] 调度器已启动。
2024-12-16 23:45:57 [INFO] Starting scheduler...
2024-12-16 23:45:57 [INFO] 调度器已启动。
2024-12-16 23:48:50 [INFO] 录制完成。文件路径: D:\PythonPro\BroadcastRecorder\recordings\2024-12-16_23-47-57_1.wav
2024-12-16 23:48:54 [INFO] HTTP 模式转录已完成: D:\PythonPro\BroadcastRecorder\recordings\2024-12-16_23-47-57_1.wav
2024-12-16 23:50:50 [INFO] 录制完成。文件路径: D:\PythonPro\BroadcastRecorder\recordings\2024-12-16_23-49-57_1.wav
2024-12-16 23:50:54 [INFO] HTTP 模式转录已完成: D:\PythonPro\BroadcastRecorder\recordings\2024-12-16_23-49-57_1.wav
2024-12-16 23:52:50 [INFO] 录制完成。文件路径: D:\PythonPro\BroadcastRecorder\recordings\2024-12-16_23-51-57_1.wav
2024-12-16 23:52:54 [INFO] HTTP 模式转录已完成: D:\PythonPro\BroadcastRecorder\recordings\2024-12-16_23-51-57_1.wav
2024-12-16 23:53:24 [INFO] Scheduled reminder '对对对' at 2024-12-15 12:30:00
2024-12-17 00:00:56 [INFO] Starting scheduler...
2024-12-17 00:00:56 [INFO] 调度器已启动。
2024-12-17 14:10:44 [INFO] Starting scheduler...
2024-12-17 14:10:44 [INFO] 调度器已启动。
2024-12-17 14:11:07 [INFO] Stopping scheduler...
2024-12-17 14:11:07 [INFO] 调度器已停止。
2024-12-17 14:17:34 [INFO] Starting scheduler...
2024-12-17 14:17:34 [INFO] 调度器已启动。
2024-12-17 14:18:46 [INFO] Stopping scheduler...
2024-12-17 14:18:46 [INFO] 调度器已停止。
